\BOOKMARK [0][-]{part.1}{\376\377\000I\000\040\004\021\004\060\004\067\004\076\004\062\004\113\004\065\000\040\004\077\004\076\004\075\004\117\004\102\004\070\004\117}{}% 1
\BOOKMARK [1][-]{section.1}{\376\377\0001\000\040\004\041\004\076\004\067\004\064\004\060\004\075\004\070\004\065\000\040\004\115\004\101\004\072\004\070\004\067\004\060}{part.1}% 2
\BOOKMARK [2][-]{subsection.1.1}{\376\377\0001\000.\0001\000\040\004\041\004\076\004\067\004\064\004\060\004\075\004\070\004\065\000\040\004\115\004\101\004\072\004\070\004\067\004\060\000\040\004\062\000\040\004\062\004\065\004\100\004\101\004\102\004\060\004\072\004\065\000\040\000S\000k\000e\000t\000c\000h\000e\000r}{section.1}% 3
\BOOKMARK [2][-]{subsection.1.2}{\376\377\0001\000.\0002\000\040\004\041\004\076\004\067\004\064\004\060\004\075\004\070\004\065\000\040\004\115\004\101\004\072\004\070\004\067\004\060\000\040\004\062\000\040\004\062\004\065\004\100\004\101\004\102\004\060\004\072\004\065\000\040\000P\000a\000r\000t\000D\000e\000s\000i\000g\000n}{section.1}% 4
\BOOKMARK [1][-]{section.2}{\376\377\0002\000\040\004\036\004\072\004\075\004\076\000\040\000S\000k\000e\000t\000c\000h\000e\000r}{part.1}% 5
\BOOKMARK [1][-]{section.3}{\376\377\0003\000\040\000G\000e\000n\000e\000r\000a\000l\000\040\000R\000e\000m\000a\000r\000k\000s\000\040\000o\000n\000\040\000D\000e\000g\000r\000e\000e\000s\000\040\000o\000f\000\040\000F\000r\000e\000e\000d\000o\000m}{part.1}% 6
\BOOKMARK [1][-]{section.4}{\376\377\0004\000\040\000A\000u\000t\000o\000\040\000C\000o\000n\000s\000t\000r\000a\000i\000n\000t\000s}{part.1}% 7
\BOOKMARK [2][-]{subsection.4.1}{\376\377\0004\000.\0001\000\040\000A\000u\000t\000o\000\040\000C\000o\000n\000s\000t\000r\000a\000i\000n\000t\000s\000\040\000O\000n}{section.4}% 8
\BOOKMARK [2][-]{subsection.4.2}{\376\377\0004\000.\0002\000\040\000A\000u\000t\000o\000\040\000C\000o\000n\000s\000t\000r\000a\000i\000n\000t\000s\000\040\000O\000f\000f}{section.4}% 9
\BOOKMARK [0][-]{part.2}{\376\377\000I\000I\000\040\000G\000e\000o\000m\000e\000t\000r\000i\000c\000\040\000E\000l\000e\000m\000e\000n\000t\000s}{}% 10
\BOOKMARK [1][-]{section.5}{\376\377\0005\000\040\000C\000o\000m\000m\000o\000n\000\040\000U\000s\000a\000g\000e}{part.2}% 11
\BOOKMARK [1][-]{section.6}{\376\377\0006\000\040\000L\000i\000n\000e}{part.2}% 12
\BOOKMARK [1][-]{section.7}{\376\377\0007\000\040\000C\000i\000r\000c\000l\000e}{part.2}% 13
\BOOKMARK [1][-]{section.8}{\376\377\0008\000\040\000A\000r\000c}{part.2}% 14
\BOOKMARK [1][-]{section.9}{\376\377\0009\000\040\000P\000o\000l\000y\000l\000i\000n\000e}{part.2}% 15
\BOOKMARK [1][-]{section.10}{\376\377\0001\0000\000\040\000R\000e\000c\000t\000a\000n\000g\000l\000e}{part.2}% 16
\BOOKMARK [1][-]{section.11}{\376\377\0001\0001\000\040\000P\000o\000l\000y\000g\000o\000n}{part.2}% 17
\BOOKMARK [1][-]{section.12}{\376\377\0001\0002\000\040\000S\000l\000o\000t}{part.2}% 18
\BOOKMARK [1][-]{section.13}{\376\377\0001\0003\000\040\000B\000-\000s\000p\000l\000i\000n\000e\000s}{part.2}% 19
\BOOKMARK [1][-]{section.14}{\376\377\0001\0004\000\040\000C\000o\000n\000i\000c\000a\000l\000\040\000s\000e\000c\000t\000i\000o\000n\000s}{part.2}% 20
\BOOKMARK [2][-]{subsection.14.1}{\376\377\0001\0004\000.\0001\000\040\000C\000r\000e\000a\000t\000i\000n\000g\000\040\000a\000n\000d\000\040\000u\000s\000i\000n\000g\000\040\000c\000o\000n\000i\000c\000a\000l\000\040\000s\000e\000c\000t\000i\000o\000n\000s}{section.14}% 21
\BOOKMARK [2][-]{subsection.14.2}{\376\377\0001\0004\000.\0002\000\040\000T\000a\000n\000g\000e\000n\000c\000y\000\040\000a\000n\000d\000\040\000p\000e\000r\000p\000e\000n\000d\000i\000c\000u\000l\000a\000r\000\040\000o\000n\000\040\000c\000o\000n\000i\000c\000a\000l\000\040\000s\000e\000c\000t\000i\000o\000n\000s}{section.14}% 22
\BOOKMARK [1][-]{section.15}{\376\377\0001\0005\000\040\000C\000o\000n\000s\000t\000r\000u\000c\000t\000i\000o\000n\000\040\000G\000e\000o\000m\000e\000t\000r\000y}{part.2}% 23
\BOOKMARK [1][-]{section.16}{\376\377\0001\0006\000\040\000P\000o\000i\000n\000t}{part.2}% 24
\BOOKMARK [0][-]{part.3}{\376\377\000I\000I\000I\000\040\000C\000o\000n\000s\000t\000r\000a\000i\000n\000t\000s}{}% 25
\BOOKMARK [1][-]{section.17}{\376\377\0001\0007\000\040\000S\000e\000l\000e\000c\000t\000i\000n\000g\000\040\000C\000o\000n\000s\000t\000r\000a\000i\000n\000t\000s}{part.3}% 26
\BOOKMARK [1][-]{section.18}{\376\377\0001\0008\000\040\000A\000p\000p\000l\000y\000i\000n\000g\000\040\000c\000o\000n\000s\000t\000r\000a\000i\000n\000t\000s}{part.3}% 27
\BOOKMARK [1][-]{section.19}{\376\377\0001\0009\000\040\000T\000h\000e\000\040\000S\000o\000l\000v\000e\000r}{part.3}% 28
\BOOKMARK [2][-]{subsection.19.1}{\376\377\0001\0009\000.\0001\000\040\000S\000o\000l\000v\000i\000n\000g\000\040\000a\000\040\000S\000k\000e\000t\000c\000h}{section.19}% 29
\BOOKMARK [2][-]{subsection.19.2}{\376\377\0001\0009\000.\0002\000\040\000F\000l\000i\000p\000p\000i\000n\000g\000\040\000S\000k\000e\000t\000c\000h}{section.19}% 30
\BOOKMARK [2][-]{subsection.19.3}{\376\377\0001\0009\000.\0003\000\040\000S\000o\000l\000v\000e\000r\000\040\000M\000e\000s\000s\000a\000g\000e\000s}{section.19}% 31
\BOOKMARK [3][-]{subsubsection.19.3.1}{\376\377\0001\0009\000.\0003\000.\0001\000\040\000M\000e\000s\000s\000a\000g\000e\000s\000\040\000y\000o\000u\000\040\000w\000a\000n\000t\000\040\000t\000o\000\040\000s\000e\000e}{subsection.19.3}% 32
\BOOKMARK [3][-]{subsubsection.19.3.2}{\376\377\0001\0009\000.\0003\000.\0002\000\040\000U\000n\000w\000a\000n\000t\000e\000d\000\040\000M\000e\000s\000s\000a\000g\000e\000s}{subsection.19.3}% 33
\BOOKMARK [1][-]{section.20}{\376\377\0002\0000\000\040\000C\000o\000i\000n\000c\000i\000d\000e\000n\000c\000e}{part.3}% 34
\BOOKMARK [1][-]{section.21}{\376\377\0002\0001\000\040\000P\000o\000i\000n\000t\000\040\000o\000n\000\040\000O\000b\000j\000e\000c\000t}{part.3}% 35
\BOOKMARK [1][-]{section.22}{\376\377\0002\0002\000\040\000V\000e\000r\000t\000i\000c\000a\000l}{part.3}% 36
\BOOKMARK [1][-]{section.23}{\376\377\0002\0003\000\040\000H\000o\000r\000i\000z\000o\000n\000t\000a\000l}{part.3}% 37
\BOOKMARK [1][-]{section.24}{\376\377\0002\0004\000\040\000P\000a\000r\000a\000l\000l\000e\000l}{part.3}% 38
\BOOKMARK [1][-]{section.25}{\376\377\0002\0005\000\040\000P\000e\000r\000p\000e\000n\000d\000i\000c\000u\000l\000a\000r}{part.3}% 39
\BOOKMARK [1][-]{section.26}{\376\377\0002\0006\000\040\000T\000a\000n\000g\000e\000n\000c\000y}{part.3}% 40
\BOOKMARK [1][-]{section.27}{\376\377\0002\0007\000\040\000E\000q\000u\000a\000l\000i\000t\000y}{part.3}% 41
\BOOKMARK [1][-]{section.28}{\376\377\0002\0008\000\040\000S\000y\000m\000m\000e\000t\000r\000y}{part.3}% 42
\BOOKMARK [1][-]{section.29}{\376\377\0002\0009\000\040\000B\000l\000o\000c\000k}{part.3}% 43
\BOOKMARK [1][-]{section.30}{\376\377\0003\0000\000\040\000H\000o\000r\000i\000z\000o\000n\000t\000a\000l\000\040\000D\000i\000s\000t\000a\000n\000c\000e}{part.3}% 44
\BOOKMARK [1][-]{section.31}{\376\377\0003\0001\000\040\000V\000e\000r\000t\000i\000c\000a\000l\000\040\000D\000i\000s\000t\000a\000n\000c\000e}{part.3}% 45
\BOOKMARK [1][-]{section.32}{\376\377\0003\0002\000\040\000L\000o\000c\000k}{part.3}% 46
\BOOKMARK [1][-]{section.33}{\376\377\0003\0003\000\040\000L\000e\000n\000g\000t\000h}{part.3}% 47
\BOOKMARK [1][-]{section.34}{\376\377\0003\0004\000\040\000R\000a\000d\000i\000u\000s\000\040\000a\000n\000d\000\040\000D\000i\000a\000m\000e\000t\000e\000r}{part.3}% 48
\BOOKMARK [1][-]{section.35}{\376\377\0003\0005\000\040\000A\000n\000g\000l\000e}{part.3}% 49
\BOOKMARK [1][-]{section.36}{\376\377\0003\0006\000\040\000F\000u\000r\000t\000h\000e\000r\000\040\000D\000o\000s\000\040\000a\000n\000d\000\040\000D\000o\000n\000'\000t\000s\000\040\000w\000i\000t\000h\000\040\000C\000o\000n\000s\000t\000r\000a\000i\000n\000t\000s}{part.3}% 50
\BOOKMARK [1][-]{section.37}{\376\377\0003\0007\000\040\000D\000r\000i\000v\000e\000n\000\040\000d\000i\000m\000e\000n\000s\000i\000o\000n\000s}{part.3}% 51
\BOOKMARK [1][-]{section.38}{\376\377\0003\0008\000\040\000E\000x\000t\000e\000r\000n\000a\000l\000\040\000G\000e\000o\000m\000e\000t\000r\000y}{part.3}% 52
\BOOKMARK [0][-]{part.4}{\376\377\000I\000V\000\040\000C\000r\000e\000a\000t\000i\000n\000g\000\040\000O\000b\000j\000e\000c\000t\000s\000\040\000B\000a\000s\000e\000d\000\040\000o\000n\000\040\000S\000k\000e\000t\000c\000h\000e\000s}{}% 53
\BOOKMARK [1][-]{section.39}{\376\377\0003\0009\000\040\000S\000k\000e\000t\000c\000h\000e\000s\000\040\000f\000o\000r\000\040\000P\000a\000d\000s\000\040\000a\000n\000d\000\040\000P\000o\000c\000k\000e\000t\000s}{part.4}% 54
\BOOKMARK [1][-]{section.40}{\376\377\0004\0000\000\040\000U\000s\000e\000\040\000S\000y\000m\000m\000e\000t\000r\000y\000!}{part.4}% 55
\BOOKMARK [1][-]{section.41}{\376\377\0004\0001\000\040\000P\000l\000a\000c\000e\000m\000e\000n\000t\000\040\000a\000n\000d\000\040\000A\000t\000t\000a\000c\000h\000m\000e\000n\000t\000O\000f\000f\000s\000e\000t}{part.4}% 56
\BOOKMARK [1][-]{section.42}{\376\377\0004\0002\000\040\000V\000a\000l\000i\000d\000a\000t\000e\000\040\000s\000k\000e\000t\000c\000h\000e\000s}{part.4}% 57
